ParseStarterProject/build/intermediates/manifest_merge_blame_file/debug/manifest-merger-blame-debug-report.txt
1<?xml version="1.0" encoding="utf-8"?>
2<manifest xmlns:android="http://schemas.android.com/apk/res/android"
3    package="com.parse.starter"
4    android:versionCode="1"
5    android:versionName="1.0" >
6
7    <uses-sdk
8        android:minSdkVersion="21"
8-->src/main/AndroidManifest.xml
9        android:targetSdkVersion="27" />
9-->src/main/AndroidManifest.xml
10
11    <uses-permission android:name="android.permission.INTERNET" />
11-->src/main/AndroidManifest.xml:5:5-67
11-->src/main/AndroidManifest.xml:5:22-64
12    <uses-permission android:name="android.permission.ACCESS_NETWORK_STATE" />
12-->src/main/AndroidManifest.xml:6:5-79
12-->src/main/AndroidManifest.xml:6:22-76
13    <uses-permission android:name="android.permission.READ_EXTERNAL_STORAGE" />
13-->src/main/AndroidManifest.xml:7:5-80
13-->src/main/AndroidManifest.xml:7:22-77
14    <uses-permission android:name="android.permission.ACCESS_FINE_LOCATION" />
14-->src/main/AndroidManifest.xml:8:5-79
14-->src/main/AndroidManifest.xml:8:22-76
15    <uses-permission android:name="android.permission.FOREGROUND_SERVICE" />
15-->src/main/AndroidManifest.xml:9:5-77
15-->src/main/AndroidManifest.xml:9:22-74
16
17    <!-- Optional permission for Analytics to run. -->
18    <uses-permission android:name="android.permission.WAKE_LOCK" /> <!-- Required by older versions of Google Play services to create GCM registration tokens -->
18-->[com.google.android.gms:play-services-analytics:12.0.1] AndroidManifest.xml:27:5-68
18-->[com.google.android.gms:play-services-analytics:12.0.1] AndroidManifest.xml:27:22-65
19    <uses-permission android:name="com.google.android.c2dm.permission.RECEIVE" />
19-->[com.google.android.gms:play-services-gcm:12.0.1] AndroidManifest.xml:23:5-82
19-->[com.google.android.gms:play-services-gcm:12.0.1] AndroidManifest.xml:23:22-79
20
21    <uses-feature
21-->[com.google.android.gms:play-services-maps:12.0.1] AndroidManifest.xml:26:5-28:35
22        android:glEsVersion="0x00020000"
22-->[com.google.android.gms:play-services-maps:12.0.1] AndroidManifest.xml:27:9-41
23        android:required="true" />
23-->[com.google.android.gms:play-services-maps:12.0.1] AndroidManifest.xml:28:9-32
24
25    <permission
25-->[com.google.firebase:firebase-iid:12.0.1] AndroidManifest.xml:28:5-30:47
26        android:name="com.parse.starter.permission.C2D_MESSAGE"
26-->[com.google.firebase:firebase-iid:12.0.1] AndroidManifest.xml:29:9-63
27        android:protectionLevel="signature" />
27-->[com.google.firebase:firebase-iid:12.0.1] AndroidManifest.xml:30:9-44
28
29    <uses-permission android:name="com.parse.starter.permission.C2D_MESSAGE" />
29-->[com.google.firebase:firebase-iid:12.0.1] AndroidManifest.xml:32:5-79
29-->[com.google.firebase:firebase-iid:12.0.1] AndroidManifest.xml:32:22-76
30
31    <application
31-->src/main/AndroidManifest.xml:11:5-51:19
32        android:name="com.parse.starter.StarterApplication"
32-->src/main/AndroidManifest.xml:12:9-43
33        android:allowBackup="true"
33-->src/main/AndroidManifest.xml:13:9-35
34        android:appComponentFactory="androidx.core.app.CoreComponentFactory"
34-->[androidx.core:core:1.3.0] AndroidManifest.xml:24:18-86
35        android:debuggable="true"
36        android:icon="@mipmap/ic_launcher"
36-->src/main/AndroidManifest.xml:14:9-43
37        android:label="@string/app_name"
37-->src/main/AndroidManifest.xml:15:9-41
38        android:testOnly="true"
39        android:theme="@style/AppTheme.NoActionBar" >
39-->src/main/AndroidManifest.xml:16:9-52
40        <activity android:name="com.parse.starter.HomeActivityDoctor" />
40-->src/main/AndroidManifest.xml:17:9-65
40-->src/main/AndroidManifest.xml:17:19-53
41        <activity android:name="com.parse.starter.BankAccountDetails" />
41-->src/main/AndroidManifest.xml:18:9-56
41-->src/main/AndroidManifest.xml:18:19-53
42        <activity android:name="com.parse.starter.ChatScreenPoint" />
42-->src/main/AndroidManifest.xml:19:9-53
42-->src/main/AndroidManifest.xml:19:19-50
43        <activity android:name="com.parse.starter.PaymentActivity" />
43-->src/main/AndroidManifest.xml:20:9-53
43-->src/main/AndroidManifest.xml:20:19-50
44        <activity android:name="com.parse.starter.LoginScreen" />
44-->src/main/AndroidManifest.xml:21:9-49
44-->src/main/AndroidManifest.xml:21:19-46
45        <activity android:name="com.parse.starter.PatientProfileEditingActivity" />
45-->src/main/AndroidManifest.xml:22:9-67
45-->src/main/AndroidManifest.xml:22:19-64
46        <activity android:name="com.parse.starter.DoctorProfileEditActivity" />
46-->src/main/AndroidManifest.xml:23:9-63
46-->src/main/AndroidManifest.xml:23:19-60
47        <activity android:name="com.parse.starter.OldAppointments" />
47-->src/main/AndroidManifest.xml:24:9-53
47-->src/main/AndroidManifest.xml:24:19-50
48        <activity android:name="com.parse.starter.ChatScreen" />
48-->src/main/AndroidManifest.xml:25:9-48
48-->src/main/AndroidManifest.xml:25:19-45
49        <activity android:name="com.parse.starter.AppointmentDisplayForPatients" />
49-->src/main/AndroidManifest.xml:26:9-67
49-->src/main/AndroidManifest.xml:26:19-64
50        <activity android:name="com.parse.starter.DoctorProfileFillingActivity" />
50-->src/main/AndroidManifest.xml:27:9-66
50-->src/main/AndroidManifest.xml:27:19-63
51        <activity android:name="com.parse.starter.DoctorsList" />
51-->src/main/AndroidManifest.xml:28:9-49
51-->src/main/AndroidManifest.xml:28:19-46
52        <activity android:name="com.parse.starter.PatientProfileFillingActivity" />
52-->src/main/AndroidManifest.xml:29:9-67
52-->src/main/AndroidManifest.xml:29:19-64
53        <activity
53-->src/main/AndroidManifest.xml:30:9-39:20
54            android:name="com.parse.starter.SplashScreen"
54-->src/main/AndroidManifest.xml:31:13-41
55            android:label="@string/app_name"
55-->src/main/AndroidManifest.xml:32:13-45
56            android:theme="@style/AppTheme.NoActionBar" >
56-->src/main/AndroidManifest.xml:33:13-56
57            <intent-filter>
57-->src/main/AndroidManifest.xml:34:13-38:29
58                <action android:name="android.intent.action.MAIN" />
58-->src/main/AndroidManifest.xml:35:17-69
58-->src/main/AndroidManifest.xml:35:25-66
59
60                <category android:name="android.intent.category.LAUNCHER" />
60-->src/main/AndroidManifest.xml:37:17-77
60-->src/main/AndroidManifest.xml:37:27-74
61            </intent-filter>
62        </activity>
63        <activity android:name="com.parse.starter.DoctorProfile" />
63-->src/main/AndroidManifest.xml:40:9-51
63-->src/main/AndroidManifest.xml:40:19-48
64        <activity android:name="com.parse.starter.HomeActivityPatient" />
64-->src/main/AndroidManifest.xml:41:9-57
64-->src/main/AndroidManifest.xml:41:19-54
65        <activity android:name="com.parse.starter.PatientProfile" />
65-->src/main/AndroidManifest.xml:42:9-52
65-->src/main/AndroidManifest.xml:42:19-49
66        <activity android:name="com.parse.starter.LoginActivity" />
66-->src/main/AndroidManifest.xml:43:9-51
66-->src/main/AndroidManifest.xml:43:19-48
67        <activity android:name="com.parse.starter.Booking" />
67-->src/main/AndroidManifest.xml:44:9-45
67-->src/main/AndroidManifest.xml:44:19-42
68
69        <receiver android:name="com.parse.starter.NotificationBroadCaster" />
69-->src/main/AndroidManifest.xml:46:9-61
69-->src/main/AndroidManifest.xml:46:19-58
70
71        <meta-data
71-->src/main/AndroidManifest.xml:48:9-50:57
72            android:name="preloaded_fonts"
72-->src/main/AndroidManifest.xml:49:13-43
73            android:resource="@array/preloaded_fonts" />
73-->src/main/AndroidManifest.xml:50:13-54
74
75        <receiver android:name="com.google.android.gms.cast.framework.media.MediaIntentReceiver" />
75-->[com.google.android.gms:play-services-cast-framework:12.0.1] AndroidManifest.xml:8:9-100
75-->[com.google.android.gms:play-services-cast-framework:12.0.1] AndroidManifest.xml:8:19-97
76
77        <service android:name="com.google.android.gms.cast.framework.media.MediaNotificationService" />
77-->[com.google.android.gms:play-services-cast-framework:12.0.1] AndroidManifest.xml:10:9-104
77-->[com.google.android.gms:play-services-cast-framework:12.0.1] AndroidManifest.xml:10:18-101
78        <service android:name="com.google.android.gms.cast.framework.ReconnectionService" /> <!-- Include the AdActivity and InAppPurchaseActivity configChanges and themes. -->
78-->[com.google.android.gms:play-services-cast-framework:12.0.1] AndroidManifest.xml:11:9-93
78-->[com.google.android.gms:play-services-cast-framework:12.0.1] AndroidManifest.xml:11:18-90
79        <activity
79-->[com.google.android.gms:play-services-ads-lite:12.0.1] AndroidManifest.xml:29:9-33:64
80            android:name="com.google.android.gms.ads.AdActivity"
80-->[com.google.android.gms:play-services-ads-lite:12.0.1] AndroidManifest.xml:30:13-65
81            android:configChanges="keyboard|keyboardHidden|orientation|screenLayout|uiMode|screenSize|smallestScreenSize"
81-->[com.google.android.gms:play-services-ads-lite:12.0.1] AndroidManifest.xml:31:13-122
82            android:exported="false"
82-->[com.google.android.gms:play-services-ads-lite:12.0.1] AndroidManifest.xml:32:13-37
83            android:theme="@android:style/Theme.Translucent" />
83-->[com.google.android.gms:play-services-ads-lite:12.0.1] AndroidManifest.xml:33:13-61
84
85        <receiver
85-->[com.google.android.gms:play-services-analytics:12.0.1] AndroidManifest.xml:30:9-34:20
86            android:name="com.google.android.gms.analytics.AnalyticsReceiver"
86-->[com.google.android.gms:play-services-analytics:12.0.1] AndroidManifest.xml:31:13-78
87            android:enabled="true"
87-->[com.google.android.gms:play-services-analytics:12.0.1] AndroidManifest.xml:32:13-35
88            android:exported="false" >
88-->[com.google.android.gms:play-services-analytics:12.0.1] AndroidManifest.xml:33:13-37
89        </receiver>
90
91        <service
91-->[com.google.android.gms:play-services-analytics:12.0.1] AndroidManifest.xml:36:9-39:40
92            android:name="com.google.android.gms.analytics.AnalyticsService"
92-->[com.google.android.gms:play-services-analytics:12.0.1] AndroidManifest.xml:37:13-77
93            android:enabled="true"
93-->[com.google.android.gms:play-services-analytics:12.0.1] AndroidManifest.xml:38:13-35
94            android:exported="false" />
94-->[com.google.android.gms:play-services-analytics:12.0.1] AndroidManifest.xml:39:13-37
95        <service
95-->[com.google.android.gms:play-services-analytics:12.0.1] AndroidManifest.xml:40:9-44:72
96            android:name="com.google.android.gms.analytics.AnalyticsJobService"
96-->[com.google.android.gms:play-services-analytics:12.0.1] AndroidManifest.xml:41:13-80
97            android:enabled="true"
97-->[com.google.android.gms:play-services-analytics:12.0.1] AndroidManifest.xml:42:13-35
98            android:exported="false"
98-->[com.google.android.gms:play-services-analytics:12.0.1] AndroidManifest.xml:43:13-37
99            android:permission="android.permission.BIND_JOB_SERVICE" />
99-->[com.google.android.gms:play-services-analytics:12.0.1] AndroidManifest.xml:44:13-69
100
101        <activity
101-->[com.google.android.gms:play-services-appinvite:12.0.1] AndroidManifest.xml:25:9-34:20
102            android:name="com.google.android.gms.appinvite.PreviewActivity"
102-->[com.google.android.gms:play-services-appinvite:12.0.1] AndroidManifest.xml:26:13-76
103            android:exported="true"
103-->[com.google.android.gms:play-services-appinvite:12.0.1] AndroidManifest.xml:27:13-36
104            android:theme="@style/Theme.AppInvite.Preview" >
104-->[com.google.android.gms:play-services-appinvite:12.0.1] AndroidManifest.xml:28:13-59
105            <intent-filter>
105-->[com.google.android.gms:play-services-appinvite:12.0.1] AndroidManifest.xml:29:13-33:29
106                <action android:name="com.google.android.gms.appinvite.ACTION_PREVIEW" />
106-->[com.google.android.gms:play-services-appinvite:12.0.1] AndroidManifest.xml:30:17-90
106-->[com.google.android.gms:play-services-appinvite:12.0.1] AndroidManifest.xml:30:25-87
107
108                <category android:name="android.intent.category.DEFAULT" />
108-->[com.google.android.gms:play-services-appinvite:12.0.1] AndroidManifest.xml:32:17-76
108-->[com.google.android.gms:play-services-appinvite:12.0.1] AndroidManifest.xml:32:27-73
109            </intent-filter>
110        </activity>
111        <activity
111-->[com.google.android.gms:play-services-auth:12.0.1] AndroidManifest.xml:23:9-27:75
112            android:name="com.google.android.gms.auth.api.signin.internal.SignInHubActivity"
112-->[com.google.android.gms:play-services-auth:12.0.1] AndroidManifest.xml:24:13-93
113            android:excludeFromRecents="true"
113-->[com.google.android.gms:play-services-auth:12.0.1] AndroidManifest.xml:25:13-46
114            android:exported="false"
114-->[com.google.android.gms:play-services-auth:12.0.1] AndroidManifest.xml:26:13-37
115            android:theme="@android:style/Theme.Translucent.NoTitleBar" />
115-->[com.google.android.gms:play-services-auth:12.0.1] AndroidManifest.xml:27:13-72
116        <!--
117            Service handling Google Sign-In user revocation. For apps that do not integrate with
118            Google Sign-In, this service will never be started.
119        -->
120        <service
120-->[com.google.android.gms:play-services-auth:12.0.1] AndroidManifest.xml:33:9-36:110
121            android:name="com.google.android.gms.auth.api.signin.RevocationBoundService"
121-->[com.google.android.gms:play-services-auth:12.0.1] AndroidManifest.xml:34:13-89
122            android:exported="true"
122-->[com.google.android.gms:play-services-auth:12.0.1] AndroidManifest.xml:35:13-36
123            android:permission="com.google.android.gms.auth.api.signin.permission.REVOCATION_NOTIFICATION" />
123-->[com.google.android.gms:play-services-auth:12.0.1] AndroidManifest.xml:36:13-107
124
125        <activity
125-->[com.google.firebase:firebase-auth:12.0.1] AndroidManifest.xml:23:9-29:75
126            android:name="com.google.firebase.auth.internal.FederatedSignInActivity"
126-->[com.google.firebase:firebase-auth:12.0.1] AndroidManifest.xml:24:13-85
127            android:excludeFromRecents="true"
127-->[com.google.firebase:firebase-auth:12.0.1] AndroidManifest.xml:25:13-46
128            android:exported="true"
128-->[com.google.firebase:firebase-auth:12.0.1] AndroidManifest.xml:26:13-36
129            android:launchMode="singleInstance"
129-->[com.google.firebase:firebase-auth:12.0.1] AndroidManifest.xml:27:13-48
130            android:permission="com.google.firebase.auth.api.gms.permission.LAUNCH_FEDERATED_SIGN_IN"
130-->[com.google.firebase:firebase-auth:12.0.1] AndroidManifest.xml:28:13-102
131            android:theme="@android:style/Theme.Translucent.NoTitleBar" />
131-->[com.google.firebase:firebase-auth:12.0.1] AndroidManifest.xml:29:13-72
132        <activity
132-->[com.google.android.gms:play-services-base:12.0.1] AndroidManifest.xml:23:9-26:75
133            android:name="com.google.android.gms.common.api.GoogleApiActivity"
133-->[com.google.android.gms:play-services-base:12.0.1] AndroidManifest.xml:24:13-79
134            android:exported="false"
134-->[com.google.android.gms:play-services-base:12.0.1] AndroidManifest.xml:25:13-37
135            android:theme="@android:style/Theme.Translucent.NoTitleBar" />
135-->[com.google.android.gms:play-services-base:12.0.1] AndroidManifest.xml:26:13-72
136        <!--
137             FirebaseMessagingService performs security checks at runtime,
138             no need for explicit permissions despite exported="true"
139        -->
140        <service
140-->[com.google.firebase:firebase-messaging:12.0.1] AndroidManifest.xml:28:9-34:19
141            android:name="com.google.firebase.messaging.FirebaseMessagingService"
141-->[com.google.firebase:firebase-messaging:12.0.1] AndroidManifest.xml:29:13-82
142            android:exported="true" >
142-->[com.google.firebase:firebase-messaging:12.0.1] AndroidManifest.xml:30:13-36
143            <intent-filter android:priority="-500" >
143-->[com.google.firebase:firebase-messaging:12.0.1] AndroidManifest.xml:31:13-33:29
143-->[com.google.firebase:firebase-messaging:12.0.1] AndroidManifest.xml:31:28-51
144                <action android:name="com.google.firebase.MESSAGING_EVENT" />
144-->[com.google.firebase:firebase-messaging:12.0.1] AndroidManifest.xml:32:17-78
144-->[com.google.firebase:firebase-messaging:12.0.1] AndroidManifest.xml:32:25-75
145            </intent-filter>
146        </service>
147        <service
147-->[com.google.android.gms:play-services-tagmanager-api:12.0.1] AndroidManifest.xml:27:9-30:40
148            android:name="com.google.android.gms.tagmanager.TagManagerService"
148-->[com.google.android.gms:play-services-tagmanager-api:12.0.1] AndroidManifest.xml:28:13-79
149            android:enabled="true"
149-->[com.google.android.gms:play-services-tagmanager-api:12.0.1] AndroidManifest.xml:29:13-35
150            android:exported="false" />
150-->[com.google.android.gms:play-services-tagmanager-api:12.0.1] AndroidManifest.xml:30:13-37
151
152        <activity
152-->[com.google.android.gms:play-services-tagmanager-api:12.0.1] AndroidManifest.xml:32:9-44:20
153            android:name="com.google.android.gms.tagmanager.TagManagerPreviewActivity"
153-->[com.google.android.gms:play-services-tagmanager-api:12.0.1] AndroidManifest.xml:33:13-87
154            android:exported="true"
154-->[com.google.android.gms:play-services-tagmanager-api:12.0.1] AndroidManifest.xml:34:13-36
155            android:noHistory="true" > <!-- optional, removes the previewActivity from the activity stack. -->
155-->[com.google.android.gms:play-services-tagmanager-api:12.0.1] AndroidManifest.xml:35:13-37
156            <intent-filter>
156-->[com.google.android.gms:play-services-tagmanager-api:12.0.1] AndroidManifest.xml:36:13-43:29
157                <data android:scheme="tagmanager.c.com.parse.starter" />
157-->[com.google.android.gms:play-services-tagmanager-api:12.0.1] AndroidManifest.xml:37:17-72
157-->[com.google.android.gms:play-services-tagmanager-api:12.0.1] AndroidManifest.xml:37:23-69
158
159                <action android:name="android.intent.action.VIEW" />
159-->[com.google.android.gms:play-services-tagmanager-api:12.0.1] AndroidManifest.xml:39:17-69
159-->[com.google.android.gms:play-services-tagmanager-api:12.0.1] AndroidManifest.xml:39:25-66
160
161                <category android:name="android.intent.category.DEFAULT" />
161-->[com.google.android.gms:play-services-appinvite:12.0.1] AndroidManifest.xml:32:17-76
161-->[com.google.android.gms:play-services-appinvite:12.0.1] AndroidManifest.xml:32:27-73
162                <category android:name="android.intent.category.BROWSABLE" />
162-->[com.google.android.gms:play-services-tagmanager-api:12.0.1] AndroidManifest.xml:42:17-78
162-->[com.google.android.gms:play-services-tagmanager-api:12.0.1] AndroidManifest.xml:42:27-75
163            </intent-filter>
164        </activity>
165
166        <receiver
166-->[com.google.firebase:firebase-analytics:12.0.1] AndroidManifest.xml:28:9-32:20
167            android:name="com.google.android.gms.measurement.AppMeasurementReceiver"
167-->[com.google.firebase:firebase-analytics:12.0.1] AndroidManifest.xml:29:13-85
168            android:enabled="true"
168-->[com.google.firebase:firebase-analytics:12.0.1] AndroidManifest.xml:30:13-35
169            android:exported="false" >
169-->[com.google.firebase:firebase-analytics:12.0.1] AndroidManifest.xml:31:13-37
170        </receiver>
171        <receiver
171-->[com.google.firebase:firebase-analytics:12.0.1] AndroidManifest.xml:33:9-41:20
172            android:name="com.google.android.gms.measurement.AppMeasurementInstallReferrerReceiver"
172-->[com.google.firebase:firebase-analytics:12.0.1] AndroidManifest.xml:34:13-100
173            android:enabled="true"
173-->[com.google.firebase:firebase-analytics:12.0.1] AndroidManifest.xml:35:13-35
174            android:exported="true"
174-->[com.google.firebase:firebase-analytics:12.0.1] AndroidManifest.xml:36:13-36
175            android:permission="android.permission.INSTALL_PACKAGES" >
175-->[com.google.firebase:firebase-analytics:12.0.1] AndroidManifest.xml:37:13-69
176            <intent-filter>
176-->[com.google.firebase:firebase-analytics:12.0.1] AndroidManifest.xml:38:13-40:29
177                <action android:name="com.android.vending.INSTALL_REFERRER" />
177-->[com.google.firebase:firebase-analytics:12.0.1] AndroidManifest.xml:39:17-79
177-->[com.google.firebase:firebase-analytics:12.0.1] AndroidManifest.xml:39:25-76
178            </intent-filter>
179        </receiver>
180
181        <service
181-->[com.google.firebase:firebase-analytics:12.0.1] AndroidManifest.xml:43:9-46:40
182            android:name="com.google.android.gms.measurement.AppMeasurementService"
182-->[com.google.firebase:firebase-analytics:12.0.1] AndroidManifest.xml:44:13-84
183            android:enabled="true"
183-->[com.google.firebase:firebase-analytics:12.0.1] AndroidManifest.xml:45:13-35
184            android:exported="false" />
184-->[com.google.firebase:firebase-analytics:12.0.1] AndroidManifest.xml:46:13-37
185        <service
185-->[com.google.firebase:firebase-analytics:12.0.1] AndroidManifest.xml:47:9-51:72
186            android:name="com.google.android.gms.measurement.AppMeasurementJobService"
186-->[com.google.firebase:firebase-analytics:12.0.1] AndroidManifest.xml:48:13-87
187            android:enabled="true"
187-->[com.google.firebase:firebase-analytics:12.0.1] AndroidManifest.xml:49:13-35
188            android:exported="false"
188-->[com.google.firebase:firebase-analytics:12.0.1] AndroidManifest.xml:50:13-37
189            android:permission="android.permission.BIND_JOB_SERVICE" />
189-->[com.google.firebase:firebase-analytics:12.0.1] AndroidManifest.xml:51:13-69
190
191        <receiver
191-->[com.google.firebase:firebase-iid:12.0.1] AndroidManifest.xml:35:9-44:20
192            android:name="com.google.firebase.iid.FirebaseInstanceIdReceiver"
192-->[com.google.firebase:firebase-iid:12.0.1] AndroidManifest.xml:36:13-78
193            android:exported="true"
193-->[com.google.firebase:firebase-iid:12.0.1] AndroidManifest.xml:37:13-36
194            android:permission="com.google.android.c2dm.permission.SEND" >
194-->[com.google.firebase:firebase-iid:12.0.1] AndroidManifest.xml:38:13-73
195            <intent-filter>
195-->[com.google.firebase:firebase-iid:12.0.1] AndroidManifest.xml:39:13-43:29
196                <action android:name="com.google.android.c2dm.intent.RECEIVE" />
196-->[com.google.firebase:firebase-iid:12.0.1] AndroidManifest.xml:40:17-81
196-->[com.google.firebase:firebase-iid:12.0.1] AndroidManifest.xml:40:25-78
197
198                <category android:name="com.parse.starter" />
198-->[com.google.firebase:firebase-iid:12.0.1] AndroidManifest.xml:42:17-61
198-->[com.google.firebase:firebase-iid:12.0.1] AndroidManifest.xml:42:27-58
199            </intent-filter>
200        </receiver>
201        <!--
202             FirebaseInstanceIdService performs security checks at runtime,
203             no need for explicit permissions despite exported="true"
204        -->
205        <service
205-->[com.google.firebase:firebase-iid:12.0.1] AndroidManifest.xml:50:9-56:19
206            android:name="com.google.firebase.iid.FirebaseInstanceIdService"
206-->[com.google.firebase:firebase-iid:12.0.1] AndroidManifest.xml:51:13-77
207            android:exported="true" >
207-->[com.google.firebase:firebase-iid:12.0.1] AndroidManifest.xml:52:13-36
208            <intent-filter android:priority="-500" >
208-->[com.google.firebase:firebase-iid:12.0.1] AndroidManifest.xml:53:13-55:29
208-->[com.google.firebase:firebase-iid:12.0.1] AndroidManifest.xml:53:28-51
209                <action android:name="com.google.firebase.INSTANCE_ID_EVENT" />
209-->[com.google.firebase:firebase-iid:12.0.1] AndroidManifest.xml:54:17-80
209-->[com.google.firebase:firebase-iid:12.0.1] AndroidManifest.xml:54:25-77
210            </intent-filter>
211        </service>
212
213        <provider
213-->[com.google.firebase:firebase-common:12.0.1] AndroidManifest.xml:8:9-12:39
214            android:name="com.google.firebase.provider.FirebaseInitProvider"
214-->[com.google.firebase:firebase-common:12.0.1] AndroidManifest.xml:9:13-77
215            android:authorities="com.parse.starter.firebaseinitprovider"
215-->[com.google.firebase:firebase-common:12.0.1] AndroidManifest.xml:10:13-72
216            android:exported="false"
216-->[com.google.firebase:firebase-common:12.0.1] AndroidManifest.xml:11:13-37
217            android:initOrder="100" />
217-->[com.google.firebase:firebase-common:12.0.1] AndroidManifest.xml:12:13-36
218
219        <meta-data
219-->[com.google.android.gms:play-services-basement:12.0.1] AndroidManifest.xml:23:9-25:69
220            android:name="com.google.android.gms.version"
220-->[com.google.android.gms:play-services-basement:12.0.1] AndroidManifest.xml:24:13-58
221            android:value="@integer/google_play_services_version" />
221-->[com.google.android.gms:play-services-basement:12.0.1] AndroidManifest.xml:25:13-66
222
223        <provider
223-->[androidx.lifecycle:lifecycle-process:2.2.0] AndroidManifest.xml:25:9-29:43
224            android:name="androidx.lifecycle.ProcessLifecycleOwnerInitializer"
224-->[androidx.lifecycle:lifecycle-process:2.2.0] AndroidManifest.xml:26:13-79
225            android:authorities="com.parse.starter.lifecycle-process"
225-->[androidx.lifecycle:lifecycle-process:2.2.0] AndroidManifest.xml:27:13-69
226            android:exported="false"
226-->[androidx.lifecycle:lifecycle-process:2.2.0] AndroidManifest.xml:28:13-37
227            android:multiprocess="true" />
227-->[androidx.lifecycle:lifecycle-process:2.2.0] AndroidManifest.xml:29:13-40
228    </application>
229
230</manifest>